{"/Users/editkovacs/focusFlow/src/hooks/useSpaces.ts": {"path":"/Users/editkovacs/focusFlow/src/hooks/useSpaces.ts","statementMap":{"0":{"start":{"line":12,"column":25},"end":{"line":79,"column":null}},"1":{"start":{"line":13,"column":26},"end":{"line":13,"column":null}},"2":{"start":{"line":13,"column":48},"end":{"line":13,"column":66}},"3":{"start":{"line":14,"column":45},"end":{"line":19,"column":null}},"4":{"start":{"line":15,"column":10},"end":{"line":15,"column":null}},"5":{"start":{"line":17,"column":24},"end":{"line":17,"column":null}},"6":{"start":{"line":17,"column":43},"end":{"line":17,"column":60}},"7":{"start":{"line":18,"column":4},"end":{"line":18,"column":null}},"8":{"start":{"line":21,"column":2},"end":{"line":23,"column":null}},"9":{"start":{"line":22,"column":4},"end":{"line":22,"column":null}},"10":{"start":{"line":25,"column":2},"end":{"line":27,"column":null}},"11":{"start":{"line":26,"column":4},"end":{"line":26,"column":null}},"12":{"start":{"line":29,"column":19},"end":{"line":33,"column":null}},"13":{"start":{"line":30,"column":10},"end":{"line":30,"column":null}},"14":{"start":{"line":31,"column":4},"end":{"line":31,"column":null}},"15":{"start":{"line":31,"column":24},"end":{"line":31,"column":43}},"16":{"start":{"line":32,"column":4},"end":{"line":32,"column":null}},"17":{"start":{"line":35,"column":22},"end":{"line":39,"column":null}},"18":{"start":{"line":36,"column":4},"end":{"line":38,"column":null}},"19":{"start":{"line":37,"column":6},"end":{"line":37,"column":null}},"20":{"start":{"line":37,"column":27},"end":{"line":37,"column":78}},"21":{"start":{"line":41,"column":22},"end":{"line":57,"column":null}},"22":{"start":{"line":43,"column":4},"end":{"line":46,"column":null}},"23":{"start":{"line":44,"column":6},"end":{"line":44,"column":null}},"24":{"start":{"line":45,"column":6},"end":{"line":45,"column":null}},"25":{"start":{"line":48,"column":4},"end":{"line":48,"column":null}},"26":{"start":{"line":48,"column":24},"end":{"line":48,"column":63}},"27":{"start":{"line":48,"column":47},"end":{"line":48,"column":62}},"28":{"start":{"line":51,"column":4},"end":{"line":56,"column":null}},"29":{"start":{"line":52,"column":30},"end":{"line":52,"column":null}},"30":{"start":{"line":52,"column":51},"end":{"line":52,"column":62}},"31":{"start":{"line":53,"column":6},"end":{"line":55,"column":null}},"32":{"start":{"line":54,"column":8},"end":{"line":54,"column":null}},"33":{"start":{"line":59,"column":27},"end":{"line":64,"column":null}},"34":{"start":{"line":60,"column":24},"end":{"line":60,"column":null}},"35":{"start":{"line":60,"column":43},"end":{"line":60,"column":59}},"36":{"start":{"line":61,"column":4},"end":{"line":63,"column":null}},"37":{"start":{"line":62,"column":6},"end":{"line":62,"column":null}},"38":{"start":{"line":66,"column":25},"end":{"line":68,"column":null}},"39":{"start":{"line":67,"column":4},"end":{"line":67,"column":null}},"40":{"start":{"line":67,"column":30},"end":{"line":67,"column":52}},"41":{"start":{"line":70,"column":2},"end":{"line":78,"column":null}}},"fnMap":{"0":{"name":"(anonymous_0)","decl":{"start":{"line":12,"column":25},"end":{"line":12,"column":31}},"loc":{"start":{"line":12,"column":31},"end":{"line":79,"column":null}},"line":12},"1":{"name":"(anonymous_1)","decl":{"start":{"line":13,"column":48},"end":{"line":13,"column":54}},"loc":{"start":{"line":13,"column":48},"end":{"line":13,"column":66}},"line":13},"2":{"name":"(anonymous_2)","decl":{"start":{"line":14,"column":66},"end":{"line":14,"column":72}},"loc":{"start":{"line":14,"column":72},"end":{"line":19,"column":3}},"line":14},"3":{"name":"(anonymous_3)","decl":{"start":{"line":17,"column":36},"end":{"line":17,"column":37}},"loc":{"start":{"line":17,"column":43},"end":{"line":17,"column":60}},"line":17},"4":{"name":"(anonymous_4)","decl":{"start":{"line":21,"column":12},"end":{"line":21,"column":18}},"loc":{"start":{"line":21,"column":18},"end":{"line":23,"column":5}},"line":21},"5":{"name":"(anonymous_5)","decl":{"start":{"line":25,"column":12},"end":{"line":25,"column":18}},"loc":{"start":{"line":25,"column":18},"end":{"line":27,"column":5}},"line":25},"6":{"name":"(anonymous_6)","decl":{"start":{"line":29,"column":19},"end":{"line":29,"column":20}},"loc":{"start":{"line":29,"column":44},"end":{"line":33,"column":null}},"line":29},"7":{"name":"(anonymous_7)","decl":{"start":{"line":31,"column":14},"end":{"line":31,"column":15}},"loc":{"start":{"line":31,"column":24},"end":{"line":31,"column":43}},"line":31},"8":{"name":"(anonymous_8)","decl":{"start":{"line":35,"column":22},"end":{"line":35,"column":23}},"loc":{"start":{"line":35,"column":69},"end":{"line":39,"column":null}},"line":35},"9":{"name":"(anonymous_9)","decl":{"start":{"line":36,"column":14},"end":{"line":36,"column":15}},"loc":{"start":{"line":37,"column":6},"end":{"line":37,"column":null}},"line":37},"10":{"name":"(anonymous_10)","decl":{"start":{"line":37,"column":15},"end":{"line":37,"column":16}},"loc":{"start":{"line":37,"column":27},"end":{"line":37,"column":78}},"line":37},"11":{"name":"(anonymous_11)","decl":{"start":{"line":41,"column":22},"end":{"line":41,"column":23}},"loc":{"start":{"line":41,"column":44},"end":{"line":57,"column":null}},"line":41},"12":{"name":"(anonymous_12)","decl":{"start":{"line":48,"column":14},"end":{"line":48,"column":15}},"loc":{"start":{"line":48,"column":24},"end":{"line":48,"column":63}},"line":48},"13":{"name":"(anonymous_13)","decl":{"start":{"line":48,"column":36},"end":{"line":48,"column":37}},"loc":{"start":{"line":48,"column":47},"end":{"line":48,"column":62}},"line":48},"14":{"name":"(anonymous_14)","decl":{"start":{"line":52,"column":44},"end":{"line":52,"column":45}},"loc":{"start":{"line":52,"column":51},"end":{"line":52,"column":62}},"line":52},"15":{"name":"(anonymous_15)","decl":{"start":{"line":59,"column":27},"end":{"line":59,"column":28}},"loc":{"start":{"line":59,"column":54},"end":{"line":64,"column":null}},"line":59},"16":{"name":"(anonymous_16)","decl":{"start":{"line":60,"column":36},"end":{"line":60,"column":37}},"loc":{"start":{"line":60,"column":43},"end":{"line":60,"column":59}},"line":60},"17":{"name":"(anonymous_17)","decl":{"start":{"line":66,"column":25},"end":{"line":66,"column":50}},"loc":{"start":{"line":66,"column":50},"end":{"line":68,"column":null}},"line":66},"18":{"name":"(anonymous_18)","decl":{"start":{"line":67,"column":23},"end":{"line":67,"column":24}},"loc":{"start":{"line":67,"column":30},"end":{"line":67,"column":52}},"line":67}},"branchMap":{"0":{"loc":{"start":{"line":18,"column":11},"end":{"line":18,"column":null}},"type":"cond-expr","locations":[{"start":{"line":18,"column":25},"end":{"line":18,"column":36}},{"start":{"line":18,"column":25},"end":{"line":18,"column":null}}],"line":18},"1":{"loc":{"start":{"line":37,"column":27},"end":{"line":37,"column":78}},"type":"cond-expr","locations":[{"start":{"line":37,"column":45},"end":{"line":37,"column":72}},{"start":{"line":37,"column":72},"end":{"line":37,"column":78}}],"line":37},"2":{"loc":{"start":{"line":43,"column":4},"end":{"line":46,"column":null}},"type":"if","locations":[{"start":{"line":43,"column":4},"end":{"line":46,"column":null}},{"start":{},"end":{}}],"line":43},"3":{"loc":{"start":{"line":51,"column":4},"end":{"line":56,"column":null}},"type":"if","locations":[{"start":{"line":51,"column":4},"end":{"line":56,"column":null}},{"start":{},"end":{}}],"line":51},"4":{"loc":{"start":{"line":53,"column":6},"end":{"line":55,"column":null}},"type":"if","locations":[{"start":{"line":53,"column":6},"end":{"line":55,"column":null}},{"start":{},"end":{}}],"line":53},"5":{"loc":{"start":{"line":61,"column":4},"end":{"line":63,"column":null}},"type":"if","locations":[{"start":{"line":61,"column":4},"end":{"line":63,"column":null}},{"start":{},"end":{}}],"line":61}},"s":{"0":1,"1":31,"2":16,"3":31,"4":16,"5":16,"6":17,"7":16,"8":31,"9":28,"10":31,"11":20,"12":31,"13":11,"14":11,"15":11,"16":11,"17":31,"18":1,"19":1,"20":2,"21":31,"22":3,"23":1,"24":1,"25":2,"26":2,"27":5,"28":2,"29":1,"30":3,"31":1,"32":1,"33":31,"34":4,"35":8,"36":4,"37":3,"38":31,"39":31,"40":36,"41":31},"f":{"0":31,"1":16,"2":16,"3":17,"4":28,"5":20,"6":11,"7":11,"8":1,"9":1,"10":2,"11":3,"12":2,"13":5,"14":3,"15":4,"16":8,"17":31,"18":36},"b":{"0":[14,2],"1":[1,1],"2":[1,2],"3":[1,1],"4":[1,0],"5":[3,1]},"meta":{"lastBranch":6,"lastFunction":19,"lastStatement":42,"seen":{"s:12:25:79:Infinity":0,"f:12:25:12:31":0,"s:13:26:13:Infinity":1,"f:13:48:13:54":1,"s:13:48:13:66":2,"s:14:45:19:Infinity":3,"f:14:66:14:72":2,"s:15:10:15:Infinity":4,"s:17:24:17:Infinity":5,"f:17:36:17:37":3,"s:17:43:17:60":6,"s:18:4:18:Infinity":7,"b:18:25:18:36:18:25:18:Infinity":0,"s:21:2:23:Infinity":8,"f:21:12:21:18":4,"s:22:4:22:Infinity":9,"s:25:2:27:Infinity":10,"f:25:12:25:18":5,"s:26:4:26:Infinity":11,"s:29:19:33:Infinity":12,"f:29:19:29:20":6,"s:30:10:30:Infinity":13,"s:31:4:31:Infinity":14,"f:31:14:31:15":7,"s:31:24:31:43":15,"s:32:4:32:Infinity":16,"s:35:22:39:Infinity":17,"f:35:22:35:23":8,"s:36:4:38:Infinity":18,"f:36:14:36:15":9,"s:37:6:37:Infinity":19,"f:37:15:37:16":10,"s:37:27:37:78":20,"b:37:45:37:72:37:72:37:78":1,"s:41:22:57:Infinity":21,"f:41:22:41:23":11,"b:43:4:46:Infinity:undefined:undefined:undefined:undefined":2,"s:43:4:46:Infinity":22,"s:44:6:44:Infinity":23,"s:45:6:45:Infinity":24,"s:48:4:48:Infinity":25,"f:48:14:48:15":12,"s:48:24:48:63":26,"f:48:36:48:37":13,"s:48:47:48:62":27,"b:51:4:56:Infinity:undefined:undefined:undefined:undefined":3,"s:51:4:56:Infinity":28,"s:52:30:52:Infinity":29,"f:52:44:52:45":14,"s:52:51:52:62":30,"b:53:6:55:Infinity:undefined:undefined:undefined:undefined":4,"s:53:6:55:Infinity":31,"s:54:8:54:Infinity":32,"s:59:27:64:Infinity":33,"f:59:27:59:28":15,"s:60:24:60:Infinity":34,"f:60:36:60:37":16,"s:60:43:60:59":35,"b:61:4:63:Infinity:undefined:undefined:undefined:undefined":5,"s:61:4:63:Infinity":36,"s:62:6:62:Infinity":37,"s:66:25:68:Infinity":38,"f:66:25:66:50":17,"s:67:4:67:Infinity":39,"f:67:23:67:24":18,"s:67:30:67:52":40,"s:70:2:78:Infinity":41}}}
,"/Users/editkovacs/focusFlow/src/hooks/useTasks.ts": {"path":"/Users/editkovacs/focusFlow/src/hooks/useTasks.ts","statementMap":{"0":{"start":{"line":6,"column":24},"end":{"line":198,"column":null}},"1":{"start":{"line":7,"column":30},"end":{"line":12,"column":null}},"2":{"start":{"line":8,"column":10},"end":{"line":8,"column":null}},"3":{"start":{"line":9,"column":10},"end":{"line":9,"column":null}},"4":{"start":{"line":10,"column":10},"end":{"line":10,"column":null}},"5":{"start":{"line":11,"column":4},"end":{"line":11,"column":null}},"6":{"start":{"line":15,"column":16},"end":{"line":15,"column":null}},"7":{"start":{"line":15,"column":42},"end":{"line":15,"column":72}},"8":{"start":{"line":17,"column":2},"end":{"line":19,"column":null}},"9":{"start":{"line":18,"column":4},"end":{"line":18,"column":null}},"10":{"start":{"line":21,"column":18},"end":{"line":44,"column":null}},"11":{"start":{"line":28,"column":26},"end":{"line":40,"column":null}},"12":{"start":{"line":42,"column":4},"end":{"line":42,"column":null}},"13":{"start":{"line":42,"column":26},"end":{"line":42,"column":44}},"14":{"start":{"line":43,"column":4},"end":{"line":43,"column":null}},"15":{"start":{"line":46,"column":21},"end":{"line":50,"column":null}},"16":{"start":{"line":47,"column":4},"end":{"line":49,"column":null}},"17":{"start":{"line":48,"column":6},"end":{"line":48,"column":null}},"18":{"start":{"line":48,"column":26},"end":{"line":48,"column":74}},"19":{"start":{"line":52,"column":21},"end":{"line":54,"column":null}},"20":{"start":{"line":53,"column":4},"end":{"line":53,"column":null}},"21":{"start":{"line":53,"column":26},"end":{"line":53,"column":63}},"22":{"start":{"line":53,"column":48},"end":{"line":53,"column":62}},"23":{"start":{"line":56,"column":19},"end":{"line":73,"column":null}},"24":{"start":{"line":61,"column":4},"end":{"line":72,"column":null}},"25":{"start":{"line":62,"column":6},"end":{"line":71,"column":null}},"26":{"start":{"line":63,"column":8},"end":{"line":69,"column":null}},"27":{"start":{"line":64,"column":10},"end":{"line":68,"column":null}},"28":{"start":{"line":70,"column":8},"end":{"line":70,"column":null}},"29":{"start":{"line":75,"column":23},"end":{"line":90,"column":null}},"30":{"start":{"line":76,"column":4},"end":{"line":89,"column":null}},"31":{"start":{"line":77,"column":22},"end":{"line":77,"column":null}},"32":{"start":{"line":77,"column":49},"end":{"line":77,"column":64}},"33":{"start":{"line":78,"column":24},"end":{"line":80,"column":null}},"34":{"start":{"line":79,"column":21},"end":{"line":79,"column":36}},"35":{"start":{"line":80,"column":40},"end":{"line":80,"column":58}},"36":{"start":{"line":83,"column":24},"end":{"line":83,"column":null}},"37":{"start":{"line":83,"column":46},"end":{"line":83,"column":72}},"38":{"start":{"line":85,"column":6},"end":{"line":88,"column":null}},"39":{"start":{"line":85,"column":64},"end":{"line":88,"column":8}},"40":{"start":{"line":92,"column":29},"end":{"line":123,"column":null}},"41":{"start":{"line":93,"column":4},"end":{"line":122,"column":null}},"42":{"start":{"line":94,"column":6},"end":{"line":121,"column":null}},"43":{"start":{"line":95,"column":8},"end":{"line":119,"column":null}},"44":{"start":{"line":96,"column":33},"end":{"line":96,"column":null}},"45":{"start":{"line":97,"column":16},"end":{"line":97,"column":null}},"46":{"start":{"line":98,"column":33},"end":{"line":98,"column":null}},"47":{"start":{"line":102,"column":10},"end":{"line":110,"column":null}},"48":{"start":{"line":103,"column":12},"end":{"line":109,"column":null}},"49":{"start":{"line":114,"column":10},"end":{"line":118,"column":null}},"50":{"start":{"line":120,"column":8},"end":{"line":120,"column":null}},"51":{"start":{"line":125,"column":32},"end":{"line":141,"column":null}},"52":{"start":{"line":126,"column":4},"end":{"line":140,"column":null}},"53":{"start":{"line":127,"column":6},"end":{"line":139,"column":null}},"54":{"start":{"line":128,"column":8},"end":{"line":137,"column":null}},"55":{"start":{"line":129,"column":10},"end":{"line":136,"column":null}},"56":{"start":{"line":132,"column":14},"end":{"line":134,"column":null}},"57":{"start":{"line":138,"column":8},"end":{"line":138,"column":null}},"58":{"start":{"line":143,"column":24},"end":{"line":147,"column":null}},"59":{"start":{"line":144,"column":4},"end":{"line":146,"column":null}},"60":{"start":{"line":145,"column":24},"end":{"line":145,"column":50}},"61":{"start":{"line":146,"column":22},"end":{"line":146,"column":39}},"62":{"start":{"line":149,"column":28},"end":{"line":153,"column":null}},"63":{"start":{"line":150,"column":4},"end":{"line":152,"column":null}},"64":{"start":{"line":151,"column":24},"end":{"line":151,"column":75}},"65":{"start":{"line":152,"column":22},"end":{"line":152,"column":39}},"66":{"start":{"line":155,"column":28},"end":{"line":157,"column":null}},"67":{"start":{"line":156,"column":4},"end":{"line":156,"column":null}},"68":{"start":{"line":159,"column":28},"end":{"line":172,"column":null}},"69":{"start":{"line":160,"column":4},"end":{"line":171,"column":null}},"70":{"start":{"line":161,"column":28},"end":{"line":161,"column":null}},"71":{"start":{"line":163,"column":31},"end":{"line":166,"column":null}},"72":{"start":{"line":163,"column":60},"end":{"line":166,"column":8}},"73":{"start":{"line":167,"column":6},"end":{"line":167,"column":null}},"74":{"start":{"line":167,"column":28},"end":{"line":167,"column":58}},"75":{"start":{"line":169,"column":6},"end":{"line":169,"column":null}},"76":{"start":{"line":170,"column":6},"end":{"line":170,"column":null}},"77":{"start":{"line":174,"column":26},"end":{"line":180,"column":null}},"78":{"start":{"line":175,"column":4},"end":{"line":179,"column":null}},"79":{"start":{"line":176,"column":6},"end":{"line":178,"column":null}},"80":{"start":{"line":177,"column":8},"end":{"line":177,"column":null}},"81":{"start":{"line":182,"column":2},"end":{"line":197,"column":null}}},"fnMap":{"0":{"name":"(anonymous_0)","decl":{"start":{"line":6,"column":24},"end":{"line":6,"column":25}},"loc":{"start":{"line":6,"column":51},"end":{"line":198,"column":null}},"line":6},"1":{"name":"(anonymous_1)","decl":{"start":{"line":7,"column":51},"end":{"line":7,"column":57}},"loc":{"start":{"line":7,"column":57},"end":{"line":12,"column":3}},"line":7},"2":{"name":"(anonymous_2)","decl":{"start":{"line":15,"column":32},"end":{"line":15,"column":33}},"loc":{"start":{"line":15,"column":42},"end":{"line":15,"column":72}},"line":15},"3":{"name":"(anonymous_3)","decl":{"start":{"line":17,"column":12},"end":{"line":17,"column":18}},"loc":{"start":{"line":17,"column":18},"end":{"line":19,"column":5}},"line":17},"4":{"name":"(anonymous_4)","decl":{"start":{"line":21,"column":18},"end":{"line":21,"column":null}},"loc":{"start":{"line":27,"column":13},"end":{"line":44,"column":null}},"line":27},"5":{"name":"(anonymous_5)","decl":{"start":{"line":42,"column":16},"end":{"line":42,"column":17}},"loc":{"start":{"line":42,"column":26},"end":{"line":42,"column":44}},"line":42},"6":{"name":"(anonymous_6)","decl":{"start":{"line":46,"column":21},"end":{"line":46,"column":22}},"loc":{"start":{"line":46,"column":67},"end":{"line":50,"column":null}},"line":46},"7":{"name":"(anonymous_7)","decl":{"start":{"line":47,"column":16},"end":{"line":47,"column":17}},"loc":{"start":{"line":48,"column":6},"end":{"line":48,"column":null}},"line":48},"8":{"name":"(anonymous_8)","decl":{"start":{"line":48,"column":15},"end":{"line":48,"column":16}},"loc":{"start":{"line":48,"column":26},"end":{"line":48,"column":74}},"line":48},"9":{"name":"(anonymous_9)","decl":{"start":{"line":52,"column":21},"end":{"line":52,"column":22}},"loc":{"start":{"line":52,"column":43},"end":{"line":54,"column":null}},"line":52},"10":{"name":"(anonymous_10)","decl":{"start":{"line":53,"column":16},"end":{"line":53,"column":17}},"loc":{"start":{"line":53,"column":26},"end":{"line":53,"column":63}},"line":53},"11":{"name":"(anonymous_11)","decl":{"start":{"line":53,"column":38},"end":{"line":53,"column":39}},"loc":{"start":{"line":53,"column":48},"end":{"line":53,"column":62}},"line":53},"12":{"name":"(anonymous_12)","decl":{"start":{"line":56,"column":19},"end":{"line":56,"column":null}},"loc":{"start":{"line":60,"column":13},"end":{"line":73,"column":null}},"line":60},"13":{"name":"(anonymous_13)","decl":{"start":{"line":61,"column":16},"end":{"line":61,"column":17}},"loc":{"start":{"line":62,"column":6},"end":{"line":71,"column":null}},"line":62},"14":{"name":"(anonymous_14)","decl":{"start":{"line":62,"column":15},"end":{"line":62,"column":16}},"loc":{"start":{"line":62,"column":25},"end":{"line":71,"column":7}},"line":62},"15":{"name":"(anonymous_15)","decl":{"start":{"line":75,"column":23},"end":{"line":75,"column":24}},"loc":{"start":{"line":75,"column":52},"end":{"line":90,"column":null}},"line":75},"16":{"name":"(anonymous_16)","decl":{"start":{"line":76,"column":16},"end":{"line":76,"column":17}},"loc":{"start":{"line":76,"column":26},"end":{"line":89,"column":5}},"line":76},"17":{"name":"(anonymous_17)","decl":{"start":{"line":77,"column":39},"end":{"line":77,"column":40}},"loc":{"start":{"line":77,"column":49},"end":{"line":77,"column":64}},"line":77},"18":{"name":"(anonymous_18)","decl":{"start":{"line":79,"column":13},"end":{"line":79,"column":14}},"loc":{"start":{"line":79,"column":21},"end":{"line":79,"column":36}},"line":79},"19":{"name":"(anonymous_19)","decl":{"start":{"line":80,"column":16},"end":{"line":80,"column":17}},"loc":{"start":{"line":80,"column":40},"end":{"line":80,"column":58}},"line":80},"20":{"name":"(anonymous_20)","decl":{"start":{"line":83,"column":36},"end":{"line":83,"column":37}},"loc":{"start":{"line":83,"column":46},"end":{"line":83,"column":72}},"line":83},"21":{"name":"(anonymous_21)","decl":{"start":{"line":85,"column":46},"end":{"line":85,"column":47}},"loc":{"start":{"line":85,"column":64},"end":{"line":88,"column":8}},"line":85},"22":{"name":"(anonymous_22)","decl":{"start":{"line":92,"column":29},"end":{"line":92,"column":30}},"loc":{"start":{"line":92,"column":51},"end":{"line":123,"column":null}},"line":92},"23":{"name":"(anonymous_23)","decl":{"start":{"line":93,"column":16},"end":{"line":93,"column":17}},"loc":{"start":{"line":94,"column":6},"end":{"line":121,"column":null}},"line":94},"24":{"name":"(anonymous_24)","decl":{"start":{"line":94,"column":15},"end":{"line":94,"column":16}},"loc":{"start":{"line":94,"column":25},"end":{"line":121,"column":7}},"line":94},"25":{"name":"(anonymous_25)","decl":{"start":{"line":125,"column":32},"end":{"line":125,"column":33}},"loc":{"start":{"line":125,"column":77},"end":{"line":141,"column":null}},"line":125},"26":{"name":"(anonymous_26)","decl":{"start":{"line":126,"column":16},"end":{"line":126,"column":17}},"loc":{"start":{"line":127,"column":6},"end":{"line":139,"column":null}},"line":127},"27":{"name":"(anonymous_27)","decl":{"start":{"line":127,"column":15},"end":{"line":127,"column":16}},"loc":{"start":{"line":127,"column":25},"end":{"line":139,"column":7}},"line":127},"28":{"name":"(anonymous_28)","decl":{"start":{"line":131,"column":40},"end":{"line":131,"column":41}},"loc":{"start":{"line":132,"column":14},"end":{"line":134,"column":null}},"line":132},"29":{"name":"(anonymous_29)","decl":{"start":{"line":143,"column":24},"end":{"line":143,"column":25}},"loc":{"start":{"line":143,"column":50},"end":{"line":147,"column":null}},"line":143},"30":{"name":"(anonymous_30)","decl":{"start":{"line":145,"column":14},"end":{"line":145,"column":15}},"loc":{"start":{"line":145,"column":24},"end":{"line":145,"column":50}},"line":145},"31":{"name":"(anonymous_31)","decl":{"start":{"line":146,"column":12},"end":{"line":146,"column":13}},"loc":{"start":{"line":146,"column":22},"end":{"line":146,"column":39}},"line":146},"32":{"name":"(anonymous_32)","decl":{"start":{"line":149,"column":28},"end":{"line":149,"column":29}},"loc":{"start":{"line":149,"column":66},"end":{"line":153,"column":null}},"line":149},"33":{"name":"(anonymous_33)","decl":{"start":{"line":151,"column":14},"end":{"line":151,"column":15}},"loc":{"start":{"line":151,"column":24},"end":{"line":151,"column":75}},"line":151},"34":{"name":"(anonymous_34)","decl":{"start":{"line":152,"column":12},"end":{"line":152,"column":13}},"loc":{"start":{"line":152,"column":22},"end":{"line":152,"column":39}},"line":152},"35":{"name":"(anonymous_35)","decl":{"start":{"line":155,"column":28},"end":{"line":155,"column":40}},"loc":{"start":{"line":155,"column":40},"end":{"line":157,"column":null}},"line":155},"36":{"name":"(anonymous_36)","decl":{"start":{"line":159,"column":28},"end":{"line":159,"column":35}},"loc":{"start":{"line":159,"column":65},"end":{"line":172,"column":null}},"line":159},"37":{"name":"(anonymous_37)","decl":{"start":{"line":163,"column":49},"end":{"line":163,"column":50}},"loc":{"start":{"line":163,"column":60},"end":{"line":166,"column":8}},"line":163},"38":{"name":"(anonymous_38)","decl":{"start":{"line":167,"column":18},"end":{"line":167,"column":19}},"loc":{"start":{"line":167,"column":28},"end":{"line":167,"column":58}},"line":167},"39":{"name":"(anonymous_39)","decl":{"start":{"line":174,"column":26},"end":{"line":174,"column":27}},"loc":{"start":{"line":174,"column":72},"end":{"line":180,"column":null}},"line":174},"40":{"name":"(anonymous_40)","decl":{"start":{"line":175,"column":16},"end":{"line":175,"column":17}},"loc":{"start":{"line":176,"column":6},"end":{"line":178,"column":null}},"line":176},"41":{"name":"(anonymous_41)","decl":{"start":{"line":176,"column":15},"end":{"line":176,"column":16}},"loc":{"start":{"line":177,"column":8},"end":{"line":177,"column":null}},"line":177}},"branchMap":{"0":{"loc":{"start":{"line":48,"column":26},"end":{"line":48,"column":74}},"type":"cond-expr","locations":[{"start":{"line":48,"column":43},"end":{"line":48,"column":69}},{"start":{"line":48,"column":69},"end":{"line":48,"column":74}}],"line":48},"1":{"loc":{"start":{"line":63,"column":8},"end":{"line":69,"column":null}},"type":"if","locations":[{"start":{"line":63,"column":8},"end":{"line":69,"column":null}},{"start":{},"end":{}}],"line":63},"2":{"loc":{"start":{"line":67,"column":25},"end":{"line":67,"column":null}},"type":"cond-expr","locations":[{"start":{"line":67,"column":40},"end":{"line":67,"column":52}},{"start":{"line":67,"column":52},"end":{"line":67,"column":null}}],"line":67},"3":{"loc":{"start":{"line":95,"column":8},"end":{"line":119,"column":null}},"type":"if","locations":[{"start":{"line":95,"column":8},"end":{"line":119,"column":null}},{"start":{},"end":{}}],"line":95},"4":{"loc":{"start":{"line":102,"column":10},"end":{"line":110,"column":null}},"type":"if","locations":[{"start":{"line":102,"column":10},"end":{"line":110,"column":null}},{"start":{},"end":{}}],"line":102},"5":{"loc":{"start":{"line":102,"column":14},"end":{"line":102,"column":52}},"type":"binary-expr","locations":[{"start":{"line":102,"column":14},"end":{"line":102,"column":32}},{"start":{"line":102,"column":32},"end":{"line":102,"column":52}}],"line":102},"6":{"loc":{"start":{"line":117,"column":25},"end":{"line":117,"column":null}},"type":"cond-expr","locations":[{"start":{"line":117,"column":42},"end":{"line":117,"column":48}},{"start":{"line":117,"column":48},"end":{"line":117,"column":null}}],"line":117},"7":{"loc":{"start":{"line":128,"column":8},"end":{"line":137,"column":null}},"type":"if","locations":[{"start":{"line":128,"column":8},"end":{"line":137,"column":null}},{"start":{},"end":{}}],"line":128},"8":{"loc":{"start":{"line":132,"column":14},"end":{"line":134,"column":null}},"type":"cond-expr","locations":[{"start":{"line":133,"column":18},"end":{"line":133,"column":null}},{"start":{"line":134,"column":18},"end":{"line":134,"column":null}}],"line":132},"9":{"loc":{"start":{"line":151,"column":24},"end":{"line":151,"column":75}},"type":"binary-expr","locations":[{"start":{"line":151,"column":24},"end":{"line":151,"column":60}},{"start":{"line":151,"column":60},"end":{"line":151,"column":75}}],"line":151},"10":{"loc":{"start":{"line":177,"column":8},"end":{"line":177,"column":null}},"type":"cond-expr","locations":[{"start":{"line":177,"column":29},"end":{"line":177,"column":64}},{"start":{"line":177,"column":64},"end":{"line":177,"column":null}}],"line":177}},"s":{"0":1,"1":53,"2":22,"3":22,"4":22,"5":22,"6":53,"7":43,"8":53,"9":53,"10":53,"11":26,"12":26,"13":26,"14":26,"15":53,"16":2,"17":2,"18":2,"19":53,"20":1,"21":1,"22":1,"23":53,"24":2,"25":2,"26":2,"27":2,"28":0,"29":53,"30":1,"31":1,"32":3,"33":1,"34":3,"35":3,"36":1,"37":3,"38":1,"39":3,"40":53,"41":4,"42":4,"43":5,"44":4,"45":4,"46":4,"47":4,"48":2,"49":2,"50":1,"51":53,"52":1,"53":1,"54":1,"55":1,"56":2,"57":0,"58":53,"59":1,"60":3,"61":1,"62":53,"63":2,"64":5,"65":1,"66":53,"67":1,"68":53,"69":1,"70":1,"71":0,"72":0,"73":0,"74":0,"75":1,"76":1,"77":53,"78":1,"79":1,"80":1,"81":53},"f":{"0":53,"1":22,"2":43,"3":53,"4":26,"5":26,"6":2,"7":2,"8":2,"9":1,"10":1,"11":1,"12":2,"13":2,"14":2,"15":1,"16":1,"17":3,"18":3,"19":3,"20":3,"21":3,"22":4,"23":4,"24":5,"25":1,"26":1,"27":1,"28":2,"29":1,"30":3,"31":1,"32":2,"33":5,"34":1,"35":1,"36":1,"37":0,"38":0,"39":1,"40":1,"41":1},"b":{"0":[2,0],"1":[2,0],"2":[1,1],"3":[4,1],"4":[2,2],"5":[4,3],"6":[1,1],"7":[1,0],"8":[1,1],"9":[5,3],"10":[1,0]},"meta":{"lastBranch":11,"lastFunction":42,"lastStatement":82,"seen":{"s:6:24:198:Infinity":0,"f:6:24:6:25":0,"s:7:30:12:Infinity":1,"f:7:51:7:57":1,"s:8:10:8:Infinity":2,"s:9:10:9:Infinity":3,"s:10:10:10:Infinity":4,"s:11:4:11:Infinity":5,"s:15:16:15:Infinity":6,"f:15:32:15:33":2,"s:15:42:15:72":7,"s:17:2:19:Infinity":8,"f:17:12:17:18":3,"s:18:4:18:Infinity":9,"s:21:18:44:Infinity":10,"f:21:18:21:Infinity":4,"s:28:26:40:Infinity":11,"s:42:4:42:Infinity":12,"f:42:16:42:17":5,"s:42:26:42:44":13,"s:43:4:43:Infinity":14,"s:46:21:50:Infinity":15,"f:46:21:46:22":6,"s:47:4:49:Infinity":16,"f:47:16:47:17":7,"s:48:6:48:Infinity":17,"f:48:15:48:16":8,"s:48:26:48:74":18,"b:48:43:48:69:48:69:48:74":0,"s:52:21:54:Infinity":19,"f:52:21:52:22":9,"s:53:4:53:Infinity":20,"f:53:16:53:17":10,"s:53:26:53:63":21,"f:53:38:53:39":11,"s:53:48:53:62":22,"s:56:19:73:Infinity":23,"f:56:19:56:Infinity":12,"s:61:4:72:Infinity":24,"f:61:16:61:17":13,"s:62:6:71:Infinity":25,"f:62:15:62:16":14,"b:63:8:69:Infinity:undefined:undefined:undefined:undefined":1,"s:63:8:69:Infinity":26,"s:64:10:68:Infinity":27,"b:67:40:67:52:67:52:67:Infinity":2,"s:70:8:70:Infinity":28,"s:75:23:90:Infinity":29,"f:75:23:75:24":15,"s:76:4:89:Infinity":30,"f:76:16:76:17":16,"s:77:22:77:Infinity":31,"f:77:39:77:40":17,"s:77:49:77:64":32,"s:78:24:80:Infinity":33,"f:79:13:79:14":18,"s:79:21:79:36":34,"f:80:16:80:17":19,"s:80:40:80:58":35,"s:83:24:83:Infinity":36,"f:83:36:83:37":20,"s:83:46:83:72":37,"s:85:6:88:Infinity":38,"f:85:46:85:47":21,"s:85:64:88:8":39,"s:92:29:123:Infinity":40,"f:92:29:92:30":22,"s:93:4:122:Infinity":41,"f:93:16:93:17":23,"s:94:6:121:Infinity":42,"f:94:15:94:16":24,"b:95:8:119:Infinity:undefined:undefined:undefined:undefined":3,"s:95:8:119:Infinity":43,"s:96:33:96:Infinity":44,"s:97:16:97:Infinity":45,"s:98:33:98:Infinity":46,"b:102:10:110:Infinity:undefined:undefined:undefined:undefined":4,"s:102:10:110:Infinity":47,"b:102:14:102:32:102:32:102:52":5,"s:103:12:109:Infinity":48,"s:114:10:118:Infinity":49,"b:117:42:117:48:117:48:117:Infinity":6,"s:120:8:120:Infinity":50,"s:125:32:141:Infinity":51,"f:125:32:125:33":25,"s:126:4:140:Infinity":52,"f:126:16:126:17":26,"s:127:6:139:Infinity":53,"f:127:15:127:16":27,"b:128:8:137:Infinity:undefined:undefined:undefined:undefined":7,"s:128:8:137:Infinity":54,"s:129:10:136:Infinity":55,"f:131:40:131:41":28,"s:132:14:134:Infinity":56,"b:133:18:133:Infinity:134:18:134:Infinity":8,"s:138:8:138:Infinity":57,"s:143:24:147:Infinity":58,"f:143:24:143:25":29,"s:144:4:146:Infinity":59,"f:145:14:145:15":30,"s:145:24:145:50":60,"f:146:12:146:13":31,"s:146:22:146:39":61,"s:149:28:153:Infinity":62,"f:149:28:149:29":32,"s:150:4:152:Infinity":63,"f:151:14:151:15":33,"s:151:24:151:75":64,"b:151:24:151:60:151:60:151:75":9,"f:152:12:152:13":34,"s:152:22:152:39":65,"s:155:28:157:Infinity":66,"f:155:28:155:40":35,"s:156:4:156:Infinity":67,"s:159:28:172:Infinity":68,"f:159:28:159:35":36,"s:160:4:171:Infinity":69,"s:161:28:161:Infinity":70,"s:163:31:166:Infinity":71,"f:163:49:163:50":37,"s:163:60:166:8":72,"s:167:6:167:Infinity":73,"f:167:18:167:19":38,"s:167:28:167:58":74,"s:169:6:169:Infinity":75,"s:170:6:170:Infinity":76,"s:174:26:180:Infinity":77,"f:174:26:174:27":39,"s:175:4:179:Infinity":78,"f:175:16:175:17":40,"s:176:6:178:Infinity":79,"f:176:15:176:16":41,"s:177:8:177:Infinity":80,"b:177:29:177:64:177:64:177:Infinity":10,"s:182:2:197:Infinity":81}}}
,"/Users/editkovacs/focusFlow/src/utils/dates.ts": {"path":"/Users/editkovacs/focusFlow/src/utils/dates.ts","statementMap":{"0":{"start":{"line":18,"column":27},"end":{"line":28,"column":null}},"1":{"start":{"line":19,"column":8},"end":{"line":19,"column":null}},"2":{"start":{"line":20,"column":8},"end":{"line":20,"column":null}},"3":{"start":{"line":22,"column":8},"end":{"line":22,"column":null}},"4":{"start":{"line":25,"column":2},"end":{"line":27,"column":null}},"5":{"start":{"line":26,"column":4},"end":{"line":26,"column":null}},"6":{"start":{"line":30,"column":31},"end":{"line":33,"column":null}},"7":{"start":{"line":31,"column":8},"end":{"line":31,"column":null}},"8":{"start":{"line":32,"column":2},"end":{"line":32,"column":null}},"9":{"start":{"line":35,"column":25},"end":{"line":43,"column":null}},"10":{"start":{"line":36,"column":2},"end":{"line":41,"column":null}},"11":{"start":{"line":45,"column":35},"end":{"line":47,"column":null}},"12":{"start":{"line":46,"column":2},"end":{"line":46,"column":null}},"13":{"start":{"line":49,"column":32},"end":{"line":51,"column":null}},"14":{"start":{"line":50,"column":2},"end":{"line":50,"column":null}},"15":{"start":{"line":53,"column":36},"end":{"line":55,"column":null}},"16":{"start":{"line":54,"column":2},"end":{"line":54,"column":null}},"17":{"start":{"line":57,"column":40},"end":{"line":59,"column":null}},"18":{"start":{"line":58,"column":2},"end":{"line":58,"column":null}},"19":{"start":{"line":61,"column":28},"end":{"line":65,"column":null}},"20":{"start":{"line":62,"column":8},"end":{"line":62,"column":null}},"21":{"start":{"line":63,"column":8},"end":{"line":63,"column":null}},"22":{"start":{"line":64,"column":2},"end":{"line":64,"column":null}},"23":{"start":{"line":67,"column":32},"end":{"line":71,"column":null}},"24":{"start":{"line":68,"column":8},"end":{"line":68,"column":null}},"25":{"start":{"line":69,"column":8},"end":{"line":69,"column":null}},"26":{"start":{"line":70,"column":2},"end":{"line":70,"column":null}},"27":{"start":{"line":73,"column":39},"end":{"line":77,"column":null}},"28":{"start":{"line":74,"column":8},"end":{"line":74,"column":null}},"29":{"start":{"line":75,"column":27},"end":{"line":75,"column":null}},"30":{"start":{"line":76,"column":2},"end":{"line":76,"column":null}},"31":{"start":{"line":79,"column":39},"end":{"line":83,"column":null}},"32":{"start":{"line":80,"column":8},"end":{"line":80,"column":null}},"33":{"start":{"line":81,"column":8},"end":{"line":81,"column":null}},"34":{"start":{"line":82,"column":2},"end":{"line":82,"column":null}},"35":{"start":{"line":85,"column":26},"end":{"line":87,"column":null}},"36":{"start":{"line":86,"column":2},"end":{"line":86,"column":null}}},"fnMap":{"0":{"name":"(anonymous_0)","decl":{"start":{"line":18,"column":27},"end":{"line":18,"column":28}},"loc":{"start":{"line":18,"column":51},"end":{"line":28,"column":null}},"line":18},"1":{"name":"(anonymous_1)","decl":{"start":{"line":25,"column":24},"end":{"line":25,"column":25}},"loc":{"start":{"line":25,"column":33},"end":{"line":27,"column":3}},"line":25},"2":{"name":"(anonymous_2)","decl":{"start":{"line":30,"column":31},"end":{"line":30,"column":32}},"loc":{"start":{"line":30,"column":55},"end":{"line":33,"column":null}},"line":30},"3":{"name":"(anonymous_3)","decl":{"start":{"line":35,"column":25},"end":{"line":35,"column":26}},"loc":{"start":{"line":35,"column":50},"end":{"line":43,"column":null}},"line":35},"4":{"name":"(anonymous_4)","decl":{"start":{"line":45,"column":35},"end":{"line":45,"column":47}},"loc":{"start":{"line":45,"column":47},"end":{"line":47,"column":null}},"line":45},"5":{"name":"(anonymous_5)","decl":{"start":{"line":49,"column":32},"end":{"line":49,"column":44}},"loc":{"start":{"line":49,"column":44},"end":{"line":51,"column":null}},"line":49},"6":{"name":"(anonymous_6)","decl":{"start":{"line":53,"column":36},"end":{"line":53,"column":37}},"loc":{"start":{"line":53,"column":70},"end":{"line":55,"column":null}},"line":53},"7":{"name":"(anonymous_7)","decl":{"start":{"line":57,"column":40},"end":{"line":57,"column":41}},"loc":{"start":{"line":57,"column":74},"end":{"line":59,"column":null}},"line":57},"8":{"name":"(anonymous_8)","decl":{"start":{"line":61,"column":28},"end":{"line":61,"column":29}},"loc":{"start":{"line":61,"column":61},"end":{"line":65,"column":null}},"line":61},"9":{"name":"(anonymous_9)","decl":{"start":{"line":67,"column":32},"end":{"line":67,"column":33}},"loc":{"start":{"line":67,"column":82},"end":{"line":71,"column":null}},"line":67},"10":{"name":"(anonymous_10)","decl":{"start":{"line":73,"column":39},"end":{"line":73,"column":40}},"loc":{"start":{"line":73,"column":72},"end":{"line":77,"column":null}},"line":73},"11":{"name":"(anonymous_11)","decl":{"start":{"line":79,"column":39},"end":{"line":79,"column":40}},"loc":{"start":{"line":79,"column":91},"end":{"line":83,"column":null}},"line":79},"12":{"name":"(anonymous_12)","decl":{"start":{"line":85,"column":26},"end":{"line":85,"column":27}},"loc":{"start":{"line":85,"column":58},"end":{"line":87,"column":null}},"line":85}},"branchMap":{"0":{"loc":{"start":{"line":26,"column":4},"end":{"line":26,"column":null}},"type":"binary-expr","locations":[{"start":{"line":26,"column":4},"end":{"line":26,"column":28}},{"start":{"line":26,"column":23},"end":{"line":26,"column":46}},{"start":{"line":26,"column":41},"end":{"line":26,"column":66}},{"start":{"line":26,"column":61},"end":{"line":26,"column":85}},{"start":{"line":26,"column":80},"end":{"line":26,"column":null}}],"line":26},"1":{"loc":{"start":{"line":36,"column":2},"end":{"line":41,"column":null}},"type":"binary-expr","locations":[{"start":{"line":36,"column":2},"end":{"line":37,"column":null}},{"start":{"line":37,"column":17},"end":{"line":38,"column":null}},{"start":{"line":38,"column":18},"end":{"line":39,"column":null}},{"start":{"line":39,"column":20},"end":{"line":40,"column":null}},{"start":{"line":40,"column":19},"end":{"line":41,"column":null}}],"line":36}},"s":{"0":3,"1":4,"2":4,"3":4,"4":4,"5":28,"6":3,"7":2,"8":2,"9":3,"10":9,"11":3,"12":28,"13":3,"14":1,"15":3,"16":1,"17":3,"18":1,"19":3,"20":3,"21":3,"22":3,"23":3,"24":3,"25":3,"26":3,"27":3,"28":2,"29":2,"30":2,"31":3,"32":4,"33":4,"34":4,"35":3,"36":3},"f":{"0":4,"1":28,"2":2,"3":9,"4":28,"5":1,"6":1,"7":1,"8":3,"9":3,"10":2,"11":4,"12":3},"b":{"0":[28,24,20,16,12],"1":[9,7,6,5,4]},"meta":{"lastBranch":2,"lastFunction":13,"lastStatement":37,"seen":{"s:18:27:28:Infinity":0,"f:18:27:18:28":0,"s:19:8:19:Infinity":1,"s:20:8:20:Infinity":2,"s:22:8:22:Infinity":3,"s:25:2:27:Infinity":4,"f:25:24:25:25":1,"s:26:4:26:Infinity":5,"b:26:4:26:28:26:23:26:46:26:41:26:66:26:61:26:85:26:80:26:Infinity":0,"s:30:31:33:Infinity":6,"f:30:31:30:32":2,"s:31:8:31:Infinity":7,"s:32:2:32:Infinity":8,"s:35:25:43:Infinity":9,"f:35:25:35:26":3,"s:36:2:41:Infinity":10,"b:36:2:37:Infinity:37:17:38:Infinity:38:18:39:Infinity:39:20:40:Infinity:40:19:41:Infinity":1,"s:45:35:47:Infinity":11,"f:45:35:45:47":4,"s:46:2:46:Infinity":12,"s:49:32:51:Infinity":13,"f:49:32:49:44":5,"s:50:2:50:Infinity":14,"s:53:36:55:Infinity":15,"f:53:36:53:37":6,"s:54:2:54:Infinity":16,"s:57:40:59:Infinity":17,"f:57:40:57:41":7,"s:58:2:58:Infinity":18,"s:61:28:65:Infinity":19,"f:61:28:61:29":8,"s:62:8:62:Infinity":20,"s:63:8:63:Infinity":21,"s:64:2:64:Infinity":22,"s:67:32:71:Infinity":23,"f:67:32:67:33":9,"s:68:8:68:Infinity":24,"s:69:8:69:Infinity":25,"s:70:2:70:Infinity":26,"s:73:39:77:Infinity":27,"f:73:39:73:40":10,"s:74:8:74:Infinity":28,"s:75:27:75:Infinity":29,"s:76:2:76:Infinity":30,"s:79:39:83:Infinity":31,"f:79:39:79:40":11,"s:80:8:80:Infinity":32,"s:81:8:81:Infinity":33,"s:82:2:82:Infinity":34,"s:85:26:87:Infinity":35,"f:85:26:85:27":12,"s:86:2:86:Infinity":36}}}
,"/Users/editkovacs/focusFlow/src/utils/migration.ts": {"path":"/Users/editkovacs/focusFlow/src/utils/migration.ts","statementMap":{"0":{"start":{"line":5,"column":36},"end":{"line":17,"column":null}},"1":{"start":{"line":6,"column":8},"end":{"line":6,"column":null}},"2":{"start":{"line":7,"column":2},"end":{"line":16,"column":null}},"3":{"start":{"line":9,"column":4},"end":{"line":14,"column":null}},"4":{"start":{"line":10,"column":6},"end":{"line":13,"column":null}},"5":{"start":{"line":15,"column":4},"end":{"line":15,"column":null}},"6":{"start":{"line":19,"column":37},"end":{"line":30,"column":null}},"7":{"start":{"line":20,"column":2},"end":{"line":29,"column":null}},"8":{"start":{"line":22,"column":4},"end":{"line":27,"column":null}},"9":{"start":{"line":23,"column":6},"end":{"line":26,"column":null}},"10":{"start":{"line":28,"column":4},"end":{"line":28,"column":null}},"11":{"start":{"line":32,"column":38},"end":{"line":53,"column":null}},"12":{"start":{"line":33,"column":8},"end":{"line":33,"column":null}},"13":{"start":{"line":35,"column":2},"end":{"line":52,"column":null}},"14":{"start":{"line":37,"column":4},"end":{"line":39,"column":null}},"15":{"start":{"line":38,"column":6},"end":{"line":38,"column":null}},"16":{"start":{"line":42,"column":4},"end":{"line":49,"column":null}},"17":{"start":{"line":44,"column":6},"end":{"line":48,"column":null}},"18":{"start":{"line":51,"column":4},"end":{"line":51,"column":null}},"19":{"start":{"line":55,"column":34},"end":{"line":66,"column":null}},"20":{"start":{"line":56,"column":8},"end":{"line":56,"column":null}},"21":{"start":{"line":58,"column":2},"end":{"line":65,"column":null}},"22":{"start":{"line":59,"column":4},"end":{"line":63,"column":null}}},"fnMap":{"0":{"name":"(anonymous_0)","decl":{"start":{"line":5,"column":36},"end":{"line":5,"column":37}},"loc":{"start":{"line":5,"column":63},"end":{"line":17,"column":null}},"line":5},"1":{"name":"(anonymous_1)","decl":{"start":{"line":7,"column":19},"end":{"line":7,"column":20}},"loc":{"start":{"line":7,"column":29},"end":{"line":16,"column":3}},"line":7},"2":{"name":"(anonymous_2)","decl":{"start":{"line":19,"column":37},"end":{"line":19,"column":38}},"loc":{"start":{"line":19,"column":64},"end":{"line":30,"column":null}},"line":19},"3":{"name":"(anonymous_3)","decl":{"start":{"line":20,"column":19},"end":{"line":20,"column":20}},"loc":{"start":{"line":20,"column":29},"end":{"line":29,"column":3}},"line":20},"4":{"name":"(anonymous_4)","decl":{"start":{"line":32,"column":38},"end":{"line":32,"column":39}},"loc":{"start":{"line":32,"column":65},"end":{"line":53,"column":null}},"line":32},"5":{"name":"(anonymous_5)","decl":{"start":{"line":35,"column":19},"end":{"line":35,"column":20}},"loc":{"start":{"line":35,"column":29},"end":{"line":52,"column":3}},"line":35},"6":{"name":"(anonymous_6)","decl":{"start":{"line":55,"column":34},"end":{"line":55,"column":35}},"loc":{"start":{"line":55,"column":62},"end":{"line":66,"column":null}},"line":55},"7":{"name":"(anonymous_7)","decl":{"start":{"line":58,"column":20},"end":{"line":58,"column":21}},"loc":{"start":{"line":58,"column":30},"end":{"line":65,"column":3}},"line":58}},"branchMap":{"0":{"loc":{"start":{"line":9,"column":4},"end":{"line":14,"column":null}},"type":"if","locations":[{"start":{"line":9,"column":4},"end":{"line":14,"column":null}},{"start":{},"end":{}}],"line":9},"1":{"loc":{"start":{"line":22,"column":4},"end":{"line":27,"column":null}},"type":"if","locations":[{"start":{"line":22,"column":4},"end":{"line":27,"column":null}},{"start":{},"end":{}}],"line":22},"2":{"loc":{"start":{"line":22,"column":8},"end":{"line":22,"column":45}},"type":"binary-expr","locations":[{"start":{"line":22,"column":8},"end":{"line":22,"column":26}},{"start":{"line":22,"column":26},"end":{"line":22,"column":45}}],"line":22},"3":{"loc":{"start":{"line":37,"column":4},"end":{"line":39,"column":null}},"type":"if","locations":[{"start":{"line":37,"column":4},"end":{"line":39,"column":null}},{"start":{},"end":{}}],"line":37},"4":{"loc":{"start":{"line":37,"column":8},"end":{"line":37,"column":66}},"type":"binary-expr","locations":[{"start":{"line":37,"column":8},"end":{"line":37,"column":30}},{"start":{"line":37,"column":30},"end":{"line":37,"column":48}},{"start":{"line":37,"column":48},"end":{"line":37,"column":66}}],"line":37},"5":{"loc":{"start":{"line":42,"column":4},"end":{"line":49,"column":null}},"type":"if","locations":[{"start":{"line":42,"column":4},"end":{"line":49,"column":null}},{"start":{},"end":{}}],"line":42},"6":{"loc":{"start":{"line":60,"column":6},"end":{"line":63,"column":null}},"type":"binary-expr","locations":[{"start":{"line":60,"column":6},"end":{"line":60,"column":null}},{"start":{"line":61,"column":6},"end":{"line":61,"column":null}},{"start":{"line":62,"column":6},"end":{"line":62,"column":null}},{"start":{"line":62,"column":12},"end":{"line":63,"column":null}}],"line":60}},"s":{"0":2,"1":26,"2":26,"3":6,"4":2,"5":4,"6":2,"7":27,"8":7,"9":2,"10":5,"11":2,"12":29,"13":29,"14":10,"15":6,"16":4,"17":2,"18":2,"19":2,"20":7,"21":7,"22":7},"f":{"0":26,"1":6,"2":27,"3":7,"4":29,"5":10,"6":7,"7":7},"b":{"0":[2,4],"1":[2,5],"2":[7,3],"3":[6,4],"4":[10,7,5],"5":[2,2],"6":[7,6,5,4]},"meta":{"lastBranch":7,"lastFunction":8,"lastStatement":23,"seen":{"s:5:36:17:Infinity":0,"f:5:36:5:37":0,"s:6:8:6:Infinity":1,"s:7:2:16:Infinity":2,"f:7:19:7:20":1,"b:9:4:14:Infinity:undefined:undefined:undefined:undefined":0,"s:9:4:14:Infinity":3,"s:10:6:13:Infinity":4,"s:15:4:15:Infinity":5,"s:19:37:30:Infinity":6,"f:19:37:19:38":2,"s:20:2:29:Infinity":7,"f:20:19:20:20":3,"b:22:4:27:Infinity:undefined:undefined:undefined:undefined":1,"s:22:4:27:Infinity":8,"b:22:8:22:26:22:26:22:45":2,"s:23:6:26:Infinity":9,"s:28:4:28:Infinity":10,"s:32:38:53:Infinity":11,"f:32:38:32:39":4,"s:33:8:33:Infinity":12,"s:35:2:52:Infinity":13,"f:35:19:35:20":5,"b:37:4:39:Infinity:undefined:undefined:undefined:undefined":3,"s:37:4:39:Infinity":14,"b:37:8:37:30:37:30:37:48:37:48:37:66":4,"s:38:6:38:Infinity":15,"b:42:4:49:Infinity:undefined:undefined:undefined:undefined":5,"s:42:4:49:Infinity":16,"s:44:6:48:Infinity":17,"s:51:4:51:Infinity":18,"s:55:34:66:Infinity":19,"f:55:34:55:35":6,"s:56:8:56:Infinity":20,"s:58:2:65:Infinity":21,"f:58:20:58:21":7,"s:59:4:63:Infinity":22,"b:60:6:60:Infinity:61:6:61:Infinity:62:6:62:Infinity:62:12:63:Infinity":6}}}
,"/Users/editkovacs/focusFlow/src/utils/security.ts": {"path":"/Users/editkovacs/focusFlow/src/utils/security.ts","statementMap":{"0":{"start":{"line":7,"column":29},"end":{"line":16,"column":null}},"1":{"start":{"line":8,"column":2},"end":{"line":8,"column":null}},"2":{"start":{"line":8,"column":14},"end":{"line":8,"column":null}},"3":{"start":{"line":11,"column":2},"end":{"line":15,"column":null}},"4":{"start":{"line":21,"column":33},"end":{"line":33,"column":null}},"5":{"start":{"line":22,"column":20},"end":{"line":22,"column":null}},"6":{"start":{"line":24,"column":2},"end":{"line":26,"column":null}},"7":{"start":{"line":25,"column":4},"end":{"line":25,"column":null}},"8":{"start":{"line":28,"column":2},"end":{"line":30,"column":null}},"9":{"start":{"line":29,"column":4},"end":{"line":29,"column":null}},"10":{"start":{"line":32,"column":2},"end":{"line":32,"column":null}},"11":{"start":{"line":38,"column":29},"end":{"line":46,"column":null}},"12":{"start":{"line":39,"column":20},"end":{"line":39,"column":null}},"13":{"start":{"line":41,"column":2},"end":{"line":43,"column":null}},"14":{"start":{"line":42,"column":4},"end":{"line":42,"column":null}},"15":{"start":{"line":45,"column":2},"end":{"line":45,"column":null}},"16":{"start":{"line":51,"column":35},"end":{"line":59,"column":null}},"17":{"start":{"line":52,"column":20},"end":{"line":52,"column":null}},"18":{"start":{"line":54,"column":2},"end":{"line":56,"column":null}},"19":{"start":{"line":55,"column":4},"end":{"line":55,"column":null}},"20":{"start":{"line":58,"column":2},"end":{"line":58,"column":null}},"21":{"start":{"line":64,"column":33},"end":{"line":76,"column":null}},"22":{"start":{"line":65,"column":20},"end":{"line":65,"column":null}},"23":{"start":{"line":67,"column":2},"end":{"line":69,"column":null}},"24":{"start":{"line":68,"column":4},"end":{"line":68,"column":null}},"25":{"start":{"line":71,"column":2},"end":{"line":73,"column":null}},"26":{"start":{"line":72,"column":4},"end":{"line":72,"column":null}},"27":{"start":{"line":75,"column":2},"end":{"line":75,"column":null}},"28":{"start":{"line":81,"column":37},"end":{"line":113,"column":null}},"29":{"start":{"line":82,"column":2},"end":{"line":84,"column":null}},"30":{"start":{"line":83,"column":4},"end":{"line":83,"column":null}},"31":{"start":{"line":86,"column":2},"end":{"line":88,"column":null}},"32":{"start":{"line":87,"column":4},"end":{"line":87,"column":null}},"33":{"start":{"line":91,"column":2},"end":{"line":110,"column":null}},"34":{"start":{"line":92,"column":4},"end":{"line":94,"column":null}},"35":{"start":{"line":93,"column":6},"end":{"line":93,"column":null}},"36":{"start":{"line":96,"column":14},"end":{"line":96,"column":null}},"37":{"start":{"line":98,"column":4},"end":{"line":100,"column":null}},"38":{"start":{"line":99,"column":6},"end":{"line":99,"column":null}},"39":{"start":{"line":103,"column":4},"end":{"line":105,"column":null}},"40":{"start":{"line":104,"column":6},"end":{"line":104,"column":null}},"41":{"start":{"line":107,"column":4},"end":{"line":109,"column":null}},"42":{"start":{"line":108,"column":6},"end":{"line":108,"column":null}},"43":{"start":{"line":112,"column":2},"end":{"line":112,"column":null}},"44":{"start":{"line":118,"column":32},"end":{"line":126,"column":null}},"45":{"start":{"line":119,"column":24},"end":{"line":119,"column":null}},"46":{"start":{"line":121,"column":2},"end":{"line":123,"column":null}},"47":{"start":{"line":122,"column":4},"end":{"line":122,"column":null}},"48":{"start":{"line":125,"column":2},"end":{"line":125,"column":null}},"49":{"start":{"line":131,"column":32},"end":{"line":143,"column":null}},"50":{"start":{"line":132,"column":23},"end":{"line":132,"column":null}},"51":{"start":{"line":133,"column":28},"end":{"line":133,"column":null}},"52":{"start":{"line":135,"column":23},"end":{"line":135,"column":null}},"53":{"start":{"line":136,"column":28},"end":{"line":136,"column":null}},"54":{"start":{"line":136,"column":58},"end":{"line":136,"column":95}},"55":{"start":{"line":138,"column":2},"end":{"line":140,"column":null}},"56":{"start":{"line":139,"column":4},"end":{"line":139,"column":null}},"57":{"start":{"line":142,"column":2},"end":{"line":142,"column":null}}},"fnMap":{"0":{"name":"(anonymous_0)","decl":{"start":{"line":7,"column":29},"end":{"line":7,"column":30}},"loc":{"start":{"line":7,"column":56},"end":{"line":16,"column":null}},"line":7},"1":{"name":"(anonymous_1)","decl":{"start":{"line":21,"column":33},"end":{"line":21,"column":34}},"loc":{"start":{"line":21,"column":107},"end":{"line":33,"column":null}},"line":21},"2":{"name":"(anonymous_2)","decl":{"start":{"line":38,"column":29},"end":{"line":38,"column":30}},"loc":{"start":{"line":38,"column":103},"end":{"line":46,"column":null}},"line":38},"3":{"name":"(anonymous_3)","decl":{"start":{"line":51,"column":35},"end":{"line":51,"column":36}},"loc":{"start":{"line":51,"column":115},"end":{"line":59,"column":null}},"line":51},"4":{"name":"(anonymous_4)","decl":{"start":{"line":64,"column":33},"end":{"line":64,"column":34}},"loc":{"start":{"line":64,"column":106},"end":{"line":76,"column":null}},"line":64},"5":{"name":"(anonymous_5)","decl":{"start":{"line":81,"column":37},"end":{"line":81,"column":38}},"loc":{"start":{"line":81,"column":92},"end":{"line":113,"column":null}},"line":81},"6":{"name":"(anonymous_6)","decl":{"start":{"line":118,"column":32},"end":{"line":118,"column":33}},"loc":{"start":{"line":118,"column":84},"end":{"line":126,"column":null}},"line":118},"7":{"name":"(anonymous_7)","decl":{"start":{"line":131,"column":32},"end":{"line":131,"column":33}},"loc":{"start":{"line":131,"column":84},"end":{"line":143,"column":null}},"line":131},"8":{"name":"(anonymous_8)","decl":{"start":{"line":136,"column":51},"end":{"line":136,"column":58}},"loc":{"start":{"line":136,"column":58},"end":{"line":136,"column":95}},"line":136}},"branchMap":{"0":{"loc":{"start":{"line":8,"column":2},"end":{"line":8,"column":null}},"type":"if","locations":[{"start":{"line":8,"column":2},"end":{"line":8,"column":null}},{"start":{},"end":{}}],"line":8},"1":{"loc":{"start":{"line":24,"column":2},"end":{"line":26,"column":null}},"type":"if","locations":[{"start":{"line":24,"column":2},"end":{"line":26,"column":null}},{"start":{},"end":{}}],"line":24},"2":{"loc":{"start":{"line":24,"column":6},"end":{"line":24,"column":44}},"type":"binary-expr","locations":[{"start":{"line":24,"column":6},"end":{"line":24,"column":20}},{"start":{"line":24,"column":20},"end":{"line":24,"column":44}}],"line":24},"3":{"loc":{"start":{"line":28,"column":2},"end":{"line":30,"column":null}},"type":"if","locations":[{"start":{"line":28,"column":2},"end":{"line":30,"column":null}},{"start":{},"end":{}}],"line":28},"4":{"loc":{"start":{"line":41,"column":2},"end":{"line":43,"column":null}},"type":"if","locations":[{"start":{"line":41,"column":2},"end":{"line":43,"column":null}},{"start":{},"end":{}}],"line":41},"5":{"loc":{"start":{"line":54,"column":2},"end":{"line":56,"column":null}},"type":"if","locations":[{"start":{"line":54,"column":2},"end":{"line":56,"column":null}},{"start":{},"end":{}}],"line":54},"6":{"loc":{"start":{"line":67,"column":2},"end":{"line":69,"column":null}},"type":"if","locations":[{"start":{"line":67,"column":2},"end":{"line":69,"column":null}},{"start":{},"end":{}}],"line":67},"7":{"loc":{"start":{"line":67,"column":6},"end":{"line":67,"column":44}},"type":"binary-expr","locations":[{"start":{"line":67,"column":6},"end":{"line":67,"column":20}},{"start":{"line":67,"column":20},"end":{"line":67,"column":44}}],"line":67},"8":{"loc":{"start":{"line":71,"column":2},"end":{"line":73,"column":null}},"type":"if","locations":[{"start":{"line":71,"column":2},"end":{"line":73,"column":null}},{"start":{},"end":{}}],"line":71},"9":{"loc":{"start":{"line":82,"column":2},"end":{"line":84,"column":null}},"type":"if","locations":[{"start":{"line":82,"column":2},"end":{"line":84,"column":null}},{"start":{},"end":{}}],"line":82},"10":{"loc":{"start":{"line":86,"column":2},"end":{"line":88,"column":null}},"type":"if","locations":[{"start":{"line":86,"column":2},"end":{"line":88,"column":null}},{"start":{},"end":{}}],"line":86},"11":{"loc":{"start":{"line":92,"column":4},"end":{"line":94,"column":null}},"type":"if","locations":[{"start":{"line":92,"column":4},"end":{"line":94,"column":null}},{"start":{},"end":{}}],"line":92},"12":{"loc":{"start":{"line":92,"column":8},"end":{"line":92,"column":51}},"type":"binary-expr","locations":[{"start":{"line":92,"column":8},"end":{"line":92,"column":36}},{"start":{"line":92,"column":36},"end":{"line":92,"column":51}}],"line":92},"13":{"loc":{"start":{"line":98,"column":4},"end":{"line":100,"column":null}},"type":"if","locations":[{"start":{"line":98,"column":4},"end":{"line":100,"column":null}},{"start":{},"end":{}}],"line":98},"14":{"loc":{"start":{"line":98,"column":8},"end":{"line":98,"column":99}},"type":"binary-expr","locations":[{"start":{"line":98,"column":8},"end":{"line":98,"column":36}},{"start":{"line":98,"column":36},"end":{"line":98,"column":67}},{"start":{"line":98,"column":67},"end":{"line":98,"column":99}}],"line":98},"15":{"loc":{"start":{"line":103,"column":4},"end":{"line":105,"column":null}},"type":"if","locations":[{"start":{"line":103,"column":4},"end":{"line":105,"column":null}},{"start":{},"end":{}}],"line":103},"16":{"loc":{"start":{"line":103,"column":8},"end":{"line":103,"column":74}},"type":"binary-expr","locations":[{"start":{"line":103,"column":8},"end":{"line":103,"column":19}},{"start":{"line":103,"column":19},"end":{"line":103,"column":50}},{"start":{"line":103,"column":50},"end":{"line":103,"column":74}}],"line":103},"17":{"loc":{"start":{"line":107,"column":4},"end":{"line":109,"column":null}},"type":"if","locations":[{"start":{"line":107,"column":4},"end":{"line":109,"column":null}},{"start":{},"end":{}}],"line":107},"18":{"loc":{"start":{"line":107,"column":8},"end":{"line":107,"column":74}},"type":"binary-expr","locations":[{"start":{"line":107,"column":8},"end":{"line":107,"column":19}},{"start":{"line":107,"column":19},"end":{"line":107,"column":50}},{"start":{"line":107,"column":50},"end":{"line":107,"column":74}}],"line":107},"19":{"loc":{"start":{"line":121,"column":2},"end":{"line":123,"column":null}},"type":"if","locations":[{"start":{"line":121,"column":2},"end":{"line":123,"column":null}},{"start":{},"end":{}}],"line":121},"20":{"loc":{"start":{"line":138,"column":2},"end":{"line":140,"column":null}},"type":"if","locations":[{"start":{"line":138,"column":2},"end":{"line":140,"column":null}},{"start":{},"end":{}}],"line":138},"21":{"loc":{"start":{"line":138,"column":6},"end":{"line":138,"column":43}},"type":"binary-expr","locations":[{"start":{"line":138,"column":6},"end":{"line":138,"column":23}},{"start":{"line":138,"column":23},"end":{"line":138,"column":43}}],"line":138}},"s":{"0":5,"1":29,"2":5,"3":24,"4":5,"5":5,"6":5,"7":2,"8":3,"9":1,"10":2,"11":5,"12":4,"13":4,"14":1,"15":3,"16":5,"17":4,"18":4,"19":1,"20":3,"21":5,"22":4,"23":4,"24":2,"25":2,"26":1,"27":1,"28":5,"29":11,"30":2,"31":9,"32":1,"33":8,"34":8,"35":1,"36":7,"37":7,"38":1,"39":6,"40":1,"41":5,"42":1,"43":4,"44":5,"45":11,"46":11,"47":3,"48":8,"49":5,"50":16,"51":16,"52":16,"53":16,"54":16,"55":16,"56":4,"57":12},"f":{"0":29,"1":5,"2":4,"3":4,"4":4,"5":11,"6":11,"7":16,"8":16},"b":{"0":[5,24],"1":[2,3],"2":[5,3],"3":[1,2],"4":[1,3],"5":[1,3],"6":[2,2],"7":[4,2],"8":[1,1],"9":[2,9],"10":[1,8],"11":[1,7],"12":[8,8],"13":[1,6],"14":[7,7,7],"15":[1,5],"16":[6,6,6],"17":[1,4],"18":[5,2,2],"19":[3,8],"20":[4,12],"21":[16,5]},"meta":{"lastBranch":22,"lastFunction":9,"lastStatement":58,"seen":{"s:7:29:16:Infinity":0,"f:7:29:7:30":0,"b:8:2:8:Infinity:undefined:undefined:undefined:undefined":0,"s:8:2:8:Infinity":1,"s:8:14:8:Infinity":2,"s:11:2:15:Infinity":3,"s:21:33:33:Infinity":4,"f:21:33:21:34":1,"s:22:20:22:Infinity":5,"b:24:2:26:Infinity:undefined:undefined:undefined:undefined":1,"s:24:2:26:Infinity":6,"b:24:6:24:20:24:20:24:44":2,"s:25:4:25:Infinity":7,"b:28:2:30:Infinity:undefined:undefined:undefined:undefined":3,"s:28:2:30:Infinity":8,"s:29:4:29:Infinity":9,"s:32:2:32:Infinity":10,"s:38:29:46:Infinity":11,"f:38:29:38:30":2,"s:39:20:39:Infinity":12,"b:41:2:43:Infinity:undefined:undefined:undefined:undefined":4,"s:41:2:43:Infinity":13,"s:42:4:42:Infinity":14,"s:45:2:45:Infinity":15,"s:51:35:59:Infinity":16,"f:51:35:51:36":3,"s:52:20:52:Infinity":17,"b:54:2:56:Infinity:undefined:undefined:undefined:undefined":5,"s:54:2:56:Infinity":18,"s:55:4:55:Infinity":19,"s:58:2:58:Infinity":20,"s:64:33:76:Infinity":21,"f:64:33:64:34":4,"s:65:20:65:Infinity":22,"b:67:2:69:Infinity:undefined:undefined:undefined:undefined":6,"s:67:2:69:Infinity":23,"b:67:6:67:20:67:20:67:44":7,"s:68:4:68:Infinity":24,"b:71:2:73:Infinity:undefined:undefined:undefined:undefined":8,"s:71:2:73:Infinity":25,"s:72:4:72:Infinity":26,"s:75:2:75:Infinity":27,"s:81:37:113:Infinity":28,"f:81:37:81:38":5,"b:82:2:84:Infinity:undefined:undefined:undefined:undefined":9,"s:82:2:84:Infinity":29,"s:83:4:83:Infinity":30,"b:86:2:88:Infinity:undefined:undefined:undefined:undefined":10,"s:86:2:88:Infinity":31,"s:87:4:87:Infinity":32,"s:91:2:110:Infinity":33,"b:92:4:94:Infinity:undefined:undefined:undefined:undefined":11,"s:92:4:94:Infinity":34,"b:92:8:92:36:92:36:92:51":12,"s:93:6:93:Infinity":35,"s:96:14:96:Infinity":36,"b:98:4:100:Infinity:undefined:undefined:undefined:undefined":13,"s:98:4:100:Infinity":37,"b:98:8:98:36:98:36:98:67:98:67:98:99":14,"s:99:6:99:Infinity":38,"b:103:4:105:Infinity:undefined:undefined:undefined:undefined":15,"s:103:4:105:Infinity":39,"b:103:8:103:19:103:19:103:50:103:50:103:74":16,"s:104:6:104:Infinity":40,"b:107:4:109:Infinity:undefined:undefined:undefined:undefined":17,"s:107:4:109:Infinity":41,"b:107:8:107:19:107:19:107:50:107:50:107:74":18,"s:108:6:108:Infinity":42,"s:112:2:112:Infinity":43,"s:118:32:126:Infinity":44,"f:118:32:118:33":6,"s:119:24:119:Infinity":45,"b:121:2:123:Infinity:undefined:undefined:undefined:undefined":19,"s:121:2:123:Infinity":46,"s:122:4:122:Infinity":47,"s:125:2:125:Infinity":48,"s:131:32:143:Infinity":49,"f:131:32:131:33":7,"s:132:23:132:Infinity":50,"s:133:28:133:Infinity":51,"s:135:23:135:Infinity":52,"s:136:28:136:Infinity":53,"f:136:51:136:58":8,"s:136:58:136:95":54,"b:138:2:140:Infinity:undefined:undefined:undefined:undefined":20,"s:138:2:140:Infinity":55,"b:138:6:138:23:138:23:138:43":21,"s:139:4:139:Infinity":56,"s:142:2:142:Infinity":57}}}
,"/Users/editkovacs/focusFlow/src/utils/spaces.ts": {"path":"/Users/editkovacs/focusFlow/src/utils/spaces.ts","statementMap":{"0":{"start":{"line":4,"column":27},"end":{"line":4,"column":null}},"1":{"start":{"line":5,"column":25},"end":{"line":5,"column":null}},"2":{"start":{"line":6,"column":25},"end":{"line":6,"column":null}},"3":{"start":{"line":8,"column":26},"end":{"line":20,"column":null}},"4":{"start":{"line":9,"column":2},"end":{"line":16,"column":null}},"5":{"start":{"line":10,"column":19},"end":{"line":10,"column":null}},"6":{"start":{"line":11,"column":4},"end":{"line":13,"column":null}},"7":{"start":{"line":12,"column":6},"end":{"line":12,"column":null}},"8":{"start":{"line":15,"column":4},"end":{"line":15,"column":null}},"9":{"start":{"line":19,"column":2},"end":{"line":19,"column":null}},"10":{"start":{"line":22,"column":26},"end":{"line":28,"column":null}},"11":{"start":{"line":23,"column":2},"end":{"line":27,"column":null}},"12":{"start":{"line":24,"column":4},"end":{"line":24,"column":null}},"13":{"start":{"line":26,"column":4},"end":{"line":26,"column":null}},"14":{"start":{"line":30,"column":33},"end":{"line":40,"column":null}},"15":{"start":{"line":31,"column":2},"end":{"line":38,"column":null}},"16":{"start":{"line":32,"column":19},"end":{"line":32,"column":null}},"17":{"start":{"line":33,"column":4},"end":{"line":35,"column":null}},"18":{"start":{"line":34,"column":6},"end":{"line":34,"column":null}},"19":{"start":{"line":37,"column":4},"end":{"line":37,"column":null}},"20":{"start":{"line":39,"column":2},"end":{"line":39,"column":null}},"21":{"start":{"line":42,"column":33},"end":{"line":48,"column":null}},"22":{"start":{"line":43,"column":2},"end":{"line":47,"column":null}},"23":{"start":{"line":44,"column":4},"end":{"line":44,"column":null}},"24":{"start":{"line":46,"column":4},"end":{"line":46,"column":null}},"25":{"start":{"line":50,"column":34},"end":{"line":56,"column":null}},"26":{"start":{"line":51,"column":2},"end":{"line":55,"column":null}},"27":{"start":{"line":58,"column":27},"end":{"line":64,"column":null}},"28":{"start":{"line":59,"column":2},"end":{"line":63,"column":null}},"29":{"start":{"line":66,"column":33},"end":{"line":68,"column":null}},"30":{"start":{"line":67,"column":2},"end":{"line":67,"column":null}}},"fnMap":{"0":{"name":"(anonymous_0)","decl":{"start":{"line":8,"column":26},"end":{"line":8,"column":41}},"loc":{"start":{"line":8,"column":41},"end":{"line":20,"column":null}},"line":8},"1":{"name":"(anonymous_1)","decl":{"start":{"line":22,"column":26},"end":{"line":22,"column":27}},"loc":{"start":{"line":22,"column":53},"end":{"line":28,"column":null}},"line":22},"2":{"name":"(anonymous_2)","decl":{"start":{"line":30,"column":33},"end":{"line":30,"column":47}},"loc":{"start":{"line":30,"column":47},"end":{"line":40,"column":null}},"line":30},"3":{"name":"(anonymous_3)","decl":{"start":{"line":42,"column":33},"end":{"line":42,"column":34}},"loc":{"start":{"line":42,"column":60},"end":{"line":48,"column":null}},"line":42},"4":{"name":"(anonymous_4)","decl":{"start":{"line":50,"column":34},"end":{"line":50,"column":47}},"loc":{"start":{"line":50,"column":47},"end":{"line":56,"column":null}},"line":50},"5":{"name":"(anonymous_5)","decl":{"start":{"line":58,"column":27},"end":{"line":58,"column":28}},"loc":{"start":{"line":58,"column":52},"end":{"line":64,"column":null}},"line":58},"6":{"name":"(anonymous_6)","decl":{"start":{"line":66,"column":33},"end":{"line":66,"column":47}},"loc":{"start":{"line":66,"column":47},"end":{"line":68,"column":null}},"line":66}},"branchMap":{"0":{"loc":{"start":{"line":11,"column":4},"end":{"line":13,"column":null}},"type":"if","locations":[{"start":{"line":11,"column":4},"end":{"line":13,"column":null}},{"start":{},"end":{}}],"line":11},"1":{"loc":{"start":{"line":33,"column":4},"end":{"line":35,"column":null}},"type":"if","locations":[{"start":{"line":33,"column":4},"end":{"line":35,"column":null}},{"start":{},"end":{}}],"line":33}},"s":{"0":3,"1":3,"2":3,"3":3,"4":20,"5":20,"6":20,"7":5,"8":2,"9":16,"10":3,"11":30,"12":30,"13":1,"14":3,"15":19,"16":19,"17":19,"18":3,"19":1,"20":16,"21":3,"22":22,"23":22,"24":1,"25":3,"26":16,"27":3,"28":14,"29":3,"30":24},"f":{"0":20,"1":30,"2":19,"3":22,"4":16,"5":14,"6":24},"b":{"0":[5,15],"1":[3,16]},"meta":{"lastBranch":2,"lastFunction":7,"lastStatement":31,"seen":{"s:4:27:4:Infinity":0,"s:5:25:5:Infinity":1,"s:6:25:6:Infinity":2,"s:8:26:20:Infinity":3,"f:8:26:8:41":0,"s:9:2:16:Infinity":4,"s:10:19:10:Infinity":5,"b:11:4:13:Infinity:undefined:undefined:undefined:undefined":0,"s:11:4:13:Infinity":6,"s:12:6:12:Infinity":7,"s:15:4:15:Infinity":8,"s:19:2:19:Infinity":9,"s:22:26:28:Infinity":10,"f:22:26:22:27":1,"s:23:2:27:Infinity":11,"s:24:4:24:Infinity":12,"s:26:4:26:Infinity":13,"s:30:33:40:Infinity":14,"f:30:33:30:47":2,"s:31:2:38:Infinity":15,"s:32:19:32:Infinity":16,"b:33:4:35:Infinity:undefined:undefined:undefined:undefined":1,"s:33:4:35:Infinity":17,"s:34:6:34:Infinity":18,"s:37:4:37:Infinity":19,"s:39:2:39:Infinity":20,"s:42:33:48:Infinity":21,"f:42:33:42:34":3,"s:43:2:47:Infinity":22,"s:44:4:44:Infinity":23,"s:46:4:46:Infinity":24,"s:50:34:56:Infinity":25,"f:50:34:50:47":4,"s:51:2:55:Infinity":26,"s:58:27:64:Infinity":27,"f:58:27:58:28":5,"s:59:2:63:Infinity":28,"s:66:33:68:Infinity":29,"f:66:33:66:47":6,"s:67:2:67:Infinity":30}}}
,"/Users/editkovacs/focusFlow/src/utils/storage.ts": {"path":"/Users/editkovacs/focusFlow/src/utils/storage.ts","statementMap":{"0":{"start":{"line":4,"column":20},"end":{"line":4,"column":null}},"1":{"start":{"line":6,"column":25},"end":{"line":16,"column":null}},"2":{"start":{"line":7,"column":2},"end":{"line":14,"column":null}},"3":{"start":{"line":8,"column":19},"end":{"line":8,"column":null}},"4":{"start":{"line":9,"column":4},"end":{"line":11,"column":null}},"5":{"start":{"line":10,"column":6},"end":{"line":10,"column":null}},"6":{"start":{"line":13,"column":4},"end":{"line":13,"column":null}},"7":{"start":{"line":15,"column":2},"end":{"line":15,"column":null}},"8":{"start":{"line":18,"column":25},"end":{"line":24,"column":null}},"9":{"start":{"line":19,"column":2},"end":{"line":23,"column":null}},"10":{"start":{"line":20,"column":4},"end":{"line":20,"column":null}},"11":{"start":{"line":22,"column":4},"end":{"line":22,"column":null}},"12":{"start":{"line":26,"column":26},"end":{"line":28,"column":null}},"13":{"start":{"line":27,"column":2},"end":{"line":27,"column":null}},"14":{"start":{"line":30,"column":27},"end":{"line":46,"column":null}},"15":{"start":{"line":31,"column":2},"end":{"line":45,"column":null}},"16":{"start":{"line":32,"column":20},"end":{"line":32,"column":null}},"17":{"start":{"line":33,"column":21},"end":{"line":33,"column":null}},"18":{"start":{"line":34,"column":16},"end":{"line":34,"column":null}},"19":{"start":{"line":35,"column":17},"end":{"line":35,"column":null}},"20":{"start":{"line":36,"column":4},"end":{"line":36,"column":null}},"21":{"start":{"line":37,"column":4},"end":{"line":37,"column":null}},"22":{"start":{"line":38,"column":4},"end":{"line":38,"column":null}},"23":{"start":{"line":39,"column":4},"end":{"line":39,"column":null}},"24":{"start":{"line":40,"column":4},"end":{"line":40,"column":null}},"25":{"start":{"line":41,"column":4},"end":{"line":41,"column":null}},"26":{"start":{"line":43,"column":4},"end":{"line":43,"column":null}},"27":{"start":{"line":44,"column":4},"end":{"line":44,"column":null}},"28":{"start":{"line":48,"column":27},"end":{"line":111,"column":null}},"29":{"start":{"line":49,"column":2},"end":{"line":110,"column":null}},"30":{"start":{"line":51,"column":10},"end":{"line":51,"column":null}},"31":{"start":{"line":52,"column":4},"end":{"line":55,"column":null}},"32":{"start":{"line":53,"column":6},"end":{"line":53,"column":null}},"33":{"start":{"line":54,"column":6},"end":{"line":54,"column":null}},"34":{"start":{"line":58,"column":10},"end":{"line":58,"column":null}},"35":{"start":{"line":59,"column":4},"end":{"line":62,"column":null}},"36":{"start":{"line":60,"column":6},"end":{"line":60,"column":null}},"37":{"start":{"line":61,"column":6},"end":{"line":61,"column":null}},"38":{"start":{"line":64,"column":19},"end":{"line":64,"column":null}},"39":{"start":{"line":65,"column":4},"end":{"line":105,"column":null}},"40":{"start":{"line":66,"column":6},"end":{"line":104,"column":null}},"41":{"start":{"line":67,"column":24},"end":{"line":67,"column":null}},"42":{"start":{"line":70,"column":8},"end":{"line":73,"column":null}},"43":{"start":{"line":71,"column":10},"end":{"line":71,"column":null}},"44":{"start":{"line":72,"column":10},"end":{"line":72,"column":null}},"45":{"start":{"line":75,"column":21},"end":{"line":75,"column":null}},"46":{"start":{"line":78,"column":14},"end":{"line":78,"column":null}},"47":{"start":{"line":79,"column":8},"end":{"line":82,"column":null}},"48":{"start":{"line":80,"column":10},"end":{"line":80,"column":null}},"49":{"start":{"line":81,"column":10},"end":{"line":81,"column":null}},"50":{"start":{"line":85,"column":32},"end":{"line":94,"column":null}},"51":{"start":{"line":85,"column":63},"end":{"line":94,"column":10}},"52":{"start":{"line":90,"column":48},"end":{"line":93,"column":12}},"53":{"start":{"line":96,"column":8},"end":{"line":96,"column":null}},"54":{"start":{"line":98,"column":8},"end":{"line":98,"column":null}},"55":{"start":{"line":99,"column":8},"end":{"line":103,"column":null}},"56":{"start":{"line":100,"column":10},"end":{"line":100,"column":null}},"57":{"start":{"line":102,"column":10},"end":{"line":102,"column":null}},"58":{"start":{"line":106,"column":4},"end":{"line":108,"column":null}},"59":{"start":{"line":107,"column":6},"end":{"line":107,"column":null}},"60":{"start":{"line":109,"column":4},"end":{"line":109,"column":null}}},"fnMap":{"0":{"name":"(anonymous_0)","decl":{"start":{"line":6,"column":25},"end":{"line":6,"column":39}},"loc":{"start":{"line":6,"column":39},"end":{"line":16,"column":null}},"line":6},"1":{"name":"(anonymous_1)","decl":{"start":{"line":18,"column":25},"end":{"line":18,"column":26}},"loc":{"start":{"line":18,"column":50},"end":{"line":24,"column":null}},"line":18},"2":{"name":"(anonymous_2)","decl":{"start":{"line":26,"column":26},"end":{"line":26,"column":40}},"loc":{"start":{"line":26,"column":40},"end":{"line":28,"column":null}},"line":26},"3":{"name":"(anonymous_3)","decl":{"start":{"line":30,"column":27},"end":{"line":30,"column":28}},"loc":{"start":{"line":30,"column":52},"end":{"line":46,"column":null}},"line":30},"4":{"name":"(anonymous_4)","decl":{"start":{"line":48,"column":27},"end":{"line":48,"column":28}},"loc":{"start":{"line":48,"column":60},"end":{"line":111,"column":null}},"line":48},"5":{"name":"(anonymous_5)","decl":{"start":{"line":49,"column":21},"end":{"line":49,"column":22}},"loc":{"start":{"line":49,"column":42},"end":{"line":110,"column":3}},"line":49},"6":{"name":"(anonymous_6)","decl":{"start":{"line":65,"column":20},"end":{"line":65,"column":21}},"loc":{"start":{"line":65,"column":27},"end":{"line":105,"column":null}},"line":65},"7":{"name":"(anonymous_7)","decl":{"start":{"line":85,"column":52},"end":{"line":85,"column":53}},"loc":{"start":{"line":85,"column":63},"end":{"line":94,"column":10}},"line":85},"8":{"name":"(anonymous_8)","decl":{"start":{"line":90,"column":39},"end":{"line":90,"column":40}},"loc":{"start":{"line":90,"column":48},"end":{"line":93,"column":12}},"line":90},"9":{"name":"(anonymous_9)","decl":{"start":{"line":106,"column":21},"end":{"line":106,"column":27}},"loc":{"start":{"line":106,"column":27},"end":{"line":108,"column":null}},"line":106}},"branchMap":{"0":{"loc":{"start":{"line":4,"column":20},"end":{"line":4,"column":null}},"type":"binary-expr","locations":[{"start":{"line":4,"column":20},"end":{"line":4,"column":56}},{"start":{"line":4,"column":56},"end":{"line":4,"column":null}}],"line":4},"1":{"loc":{"start":{"line":9,"column":4},"end":{"line":11,"column":null}},"type":"if","locations":[{"start":{"line":9,"column":4},"end":{"line":11,"column":null}},{"start":{},"end":{}}],"line":9},"2":{"loc":{"start":{"line":52,"column":4},"end":{"line":55,"column":null}},"type":"if","locations":[{"start":{"line":52,"column":4},"end":{"line":55,"column":null}},{"start":{},"end":{}}],"line":52},"3":{"loc":{"start":{"line":59,"column":4},"end":{"line":62,"column":null}},"type":"if","locations":[{"start":{"line":59,"column":4},"end":{"line":62,"column":null}},{"start":{},"end":{}}],"line":59},"4":{"loc":{"start":{"line":70,"column":8},"end":{"line":73,"column":null}},"type":"if","locations":[{"start":{"line":70,"column":8},"end":{"line":73,"column":null}},{"start":{},"end":{}}],"line":70},"5":{"loc":{"start":{"line":79,"column":8},"end":{"line":82,"column":null}},"type":"if","locations":[{"start":{"line":79,"column":8},"end":{"line":82,"column":null}},{"start":{},"end":{}}],"line":79},"6":{"loc":{"start":{"line":88,"column":17},"end":{"line":88,"column":null}},"type":"cond-expr","locations":[{"start":{"line":88,"column":22},"end":{"line":88,"column":58}},{"start":{"line":88,"column":58},"end":{"line":88,"column":null}}],"line":88},"7":{"loc":{"start":{"line":89,"column":23},"end":{"line":89,"column":null}},"type":"cond-expr","locations":[{"start":{"line":89,"column":28},"end":{"line":89,"column":76}},{"start":{"line":89,"column":76},"end":{"line":89,"column":null}}],"line":89},"8":{"loc":{"start":{"line":90,"column":20},"end":{"line":93,"column":null}},"type":"binary-expr","locations":[{"start":{"line":90,"column":20},"end":{"line":93,"column":17}},{"start":{"line":93,"column":17},"end":{"line":93,"column":null}}],"line":90},"9":{"loc":{"start":{"line":99,"column":8},"end":{"line":103,"column":null}},"type":"if","locations":[{"start":{"line":99,"column":8},"end":{"line":103,"column":null}},{"start":{"line":101,"column":15},"end":{"line":103,"column":null}}],"line":99}},"s":{"0":4,"1":4,"2":26,"3":26,"4":26,"5":5,"6":2,"7":23,"8":4,"9":58,"10":58,"11":1,"12":4,"13":143,"14":4,"15":3,"16":3,"17":3,"18":3,"19":3,"20":3,"21":3,"22":3,"23":3,"24":3,"25":3,"26":1,"27":1,"28":4,"29":11,"30":11,"31":11,"32":2,"33":2,"34":9,"35":9,"36":2,"37":2,"38":7,"39":7,"40":6,"41":6,"42":6,"43":0,"44":0,"45":6,"46":6,"47":6,"48":1,"49":1,"50":3,"51":3,"52":1,"53":3,"54":2,"55":2,"56":2,"57":0,"58":7,"59":1,"60":7},"f":{"0":26,"1":58,"2":143,"3":3,"4":11,"5":11,"6":6,"7":3,"8":1,"9":1},"b":{"0":[4,0],"1":[5,21],"2":[2,9],"3":[2,7],"4":[0,6],"5":[1,5],"6":[1,2],"7":[0,3],"8":[3,0],"9":[2,0]},"meta":{"lastBranch":10,"lastFunction":10,"lastStatement":61,"seen":{"s:4:20:4:Infinity":0,"b:4:20:4:56:4:56:4:Infinity":0,"s:6:25:16:Infinity":1,"f:6:25:6:39":0,"s:7:2:14:Infinity":2,"s:8:19:8:Infinity":3,"b:9:4:11:Infinity:undefined:undefined:undefined:undefined":1,"s:9:4:11:Infinity":4,"s:10:6:10:Infinity":5,"s:13:4:13:Infinity":6,"s:15:2:15:Infinity":7,"s:18:25:24:Infinity":8,"f:18:25:18:26":1,"s:19:2:23:Infinity":9,"s:20:4:20:Infinity":10,"s:22:4:22:Infinity":11,"s:26:26:28:Infinity":12,"f:26:26:26:40":2,"s:27:2:27:Infinity":13,"s:30:27:46:Infinity":14,"f:30:27:30:28":3,"s:31:2:45:Infinity":15,"s:32:20:32:Infinity":16,"s:33:21:33:Infinity":17,"s:34:16:34:Infinity":18,"s:35:17:35:Infinity":19,"s:36:4:36:Infinity":20,"s:37:4:37:Infinity":21,"s:38:4:38:Infinity":22,"s:39:4:39:Infinity":23,"s:40:4:40:Infinity":24,"s:41:4:41:Infinity":25,"s:43:4:43:Infinity":26,"s:44:4:44:Infinity":27,"s:48:27:111:Infinity":28,"f:48:27:48:28":4,"s:49:2:110:Infinity":29,"f:49:21:49:22":5,"s:51:10:51:Infinity":30,"b:52:4:55:Infinity:undefined:undefined:undefined:undefined":2,"s:52:4:55:Infinity":31,"s:53:6:53:Infinity":32,"s:54:6:54:Infinity":33,"s:58:10:58:Infinity":34,"b:59:4:62:Infinity:undefined:undefined:undefined:undefined":3,"s:59:4:62:Infinity":35,"s:60:6:60:Infinity":36,"s:61:6:61:Infinity":37,"s:64:19:64:Infinity":38,"s:65:4:105:Infinity":39,"f:65:20:65:21":6,"s:66:6:104:Infinity":40,"s:67:24:67:Infinity":41,"b:70:8:73:Infinity:undefined:undefined:undefined:undefined":4,"s:70:8:73:Infinity":42,"s:71:10:71:Infinity":43,"s:72:10:72:Infinity":44,"s:75:21:75:Infinity":45,"s:78:14:78:Infinity":46,"b:79:8:82:Infinity:undefined:undefined:undefined:undefined":5,"s:79:8:82:Infinity":47,"s:80:10:80:Infinity":48,"s:81:10:81:Infinity":49,"s:85:32:94:Infinity":50,"f:85:52:85:53":7,"s:85:63:94:10":51,"b:88:22:88:58:88:58:88:Infinity":6,"b:89:28:89:76:89:76:89:Infinity":7,"b:90:20:93:17:93:17:93:Infinity":8,"f:90:39:90:40":8,"s:90:48:93:12":52,"s:96:8:96:Infinity":53,"s:98:8:98:Infinity":54,"b:99:8:103:Infinity:101:15:103:Infinity":9,"s:99:8:103:Infinity":55,"s:100:10:100:Infinity":56,"s:102:10:102:Infinity":57,"s:106:4:108:Infinity":58,"f:106:21:106:27":9,"s:107:6:107:Infinity":59,"s:109:4:109:Infinity":60}}}
}
